/COM,ANSYS RELEASE 2025 R1           BUILD 25.1      UP20241202       11:20:31

 *** WARNING ***                         CP =       0.203   TIME= 11:20:36
 The auto time stepping (AUTOTS,ON command) does not support arc-length  
 method.  The auto time stepping has been turned off.                    

 *** WARNING ***                         CP =       0.875   TIME= 11:20:36
 A reference force value times the tolerance is used by the              
 Newton-Raphson method for checking convergence.  The calculated         
 reference FORCE CONVERGENCE VALUE = 9.322964531E-14 is less than a      
 threshold.  This threshold is internally calculated.  You can           
 overwrite it by specifying MINREF on the CNVTOL command.  Check         
 results carefully.                                                      
/COM,ANSYS RELEASE 2025 R1           BUILD 25.1      UP20241202       11:42:35

 *** WARNING ***                         CP =       0.203   TIME= 11:42:41
 The auto time stepping (AUTOTS,ON command) does not support arc-length  
 method.  The auto time stepping has been turned off.                    

 *** WARNING ***                         CP =       0.766   TIME= 11:42:41
 A reference force value times the tolerance is used by the              
 Newton-Raphson method for checking convergence.  The calculated         
 reference FORCE CONVERGENCE VALUE = 9.322964531E-14 is less than a      
 threshold.  This threshold is internally calculated.  You can           
 overwrite it by specifying MINREF on the CNVTOL command.  Check         
 results carefully.                                                      
/COM,ANSYS RELEASE 2025 R1           BUILD 25.1      UP20241202       09:26:25

 *** WARNING ***                         CP =       0.156   TIME= 09:26:28
 The auto time stepping (AUTOTS,ON command) does not support arc-length  
 method.  The auto time stepping has been turned off.                    

 *** WARNING ***                         CP =       0.672   TIME= 09:26:28
 A reference force value times the tolerance is used by the              
 Newton-Raphson method for checking convergence.  The calculated         
 reference FORCE CONVERGENCE VALUE = 9.322964531E-14 is less than a      
 threshold.  This threshold is internally calculated.  You can           
 overwrite it by specifying MINREF on the CNVTOL command.  Check         
 results carefully.                                                      
/COM,ANSYS RELEASE 2025 R1           BUILD 25.1      UP20241202       09:52:40

 *** WARNING ***                         CP =       0.203   TIME= 09:52:45
 The auto time stepping (AUTOTS,ON command) does not support arc-length  
 method.  The auto time stepping has been turned off.                    
/COM,ANSYS RELEASE 2025 R1           BUILD 25.1      UP20241202       09:56:45

 *** WARNING ***                         CP =       0.281   TIME= 09:56:51
 The auto time stepping (AUTOTS,ON command) does not support arc-length  
 method.  The auto time stepping has been turned off.                    
/COM,ANSYS RELEASE 2025 R1           BUILD 25.1      UP20241202       09:57:17

 *** WARNING ***                         CP =       0.188   TIME= 09:57:22
 The auto time stepping (AUTOTS,ON command) does not support arc-length  
 method.  The auto time stepping has been turned off.                    
/COM,ANSYS RELEASE 2025 R1           BUILD 25.1      UP20241202       09:59:03

 *** WARNING ***                         CP =       0.234   TIME= 09:59:08
 The auto time stepping (AUTOTS,ON command) does not support arc-length  
 method.  The auto time stepping has been turned off.                    
/COM,ANSYS RELEASE 2025 R1           BUILD 25.1      UP20241202       10:08:04

 *** WARNING ***                         CP =       0.250   TIME= 10:08:10
 The auto time stepping (AUTOTS,ON command) does not support arc-length  
 method.  The auto time stepping has been turned off.                    
/COM,ANSYS RELEASE 2025 R1           BUILD 25.1      UP20241202       10:09:07

 *** WARNING ***                         CP =       0.188   TIME= 10:09:13
 The auto time stepping (AUTOTS,ON command) does not support arc-length  
 method.  The auto time stepping has been turned off.                    
/COM,ANSYS RELEASE 2025 R1           BUILD 25.1      UP20241202       10:14:41

 *** WARNING ***                         CP =       0.203   TIME= 10:14:46
 The auto time stepping (AUTOTS,ON command) does not support arc-length  
 method.  The auto time stepping has been turned off.                    
